
==============================================================
  Identifying test-set parent trajectories
==============================================================
  Parsed splits/test.txt  →  2 parent(s):
    - corner_60100_1000
    - flowrate_pattern_03_averaged_smoothed

==============================================================
  Checkpoint resolution
==============================================================
  Resolving best checkpoint from WandB sweep 'mnywg829'...
Skipped runs:
  Checkpoint: VBN-modeling/4f6z0g1a/checkpoints/epoch=158-step=4929.ckpt
  num_layers  = 2
  hidden_size = 64

==============================================================
  Initialising shared pipeline components
==============================================================
  Starting MatlabBridge (persistent engine)...
MatlabBridge: starting MATLAB engine...
MatlabBridge: engine ready.
  Initialising LSTMStepWrapper (computing norm stats from train split)...
LSTMStepWrapper: computing norm stats from train split...
LSTMStepWrapper: ready.

==============================================================
  Trajectory 1 / 2  —  corner_60100_1000
==============================================================
  Base file: dataset/LSTM_sim_samples/corner_60100_1000.npz
  Ground truth: 'Q_sim'
  Raw dt = 0.00100 s  →  downsample ×10  →  dt = 0.01000 s
  N = 1333 samples  (13.33 s total)
  Q_com: [0.000, 0.750] mL/min
  W_com: [2.90, 2.90] mm

  iLQR horizon: 450 steps (4.50 s)

  Running windowed LSTM on full trajectory (1333 samples, 13.3 s)...
  Windowed LSTM RMSE vs Q_tru (full): 0.0077 mL/min

  Rolling out HybridDynamics (naive) for 450 steps...
  Step-mode RMSE vs Q_com (iLQR horizon): 0.1736 mL/min
  Windowed  RMSE vs Q_com (iLQR horizon): 0.1411 mL/min

==============================================================
  iLQR — corner_60100_1000
==============================================================
  G = 1.00e+14,  G_f = 1.00e+14,  R = diag[0.001, 0.001]
  Q bounds: [0.00e+00, 1.00e-06] m³/s
  w bounds: [0.5, 5.0] mm
  max_iter = 50,  tol = 1e-05
  Starting iLQR solve  (450 steps, ~4500 MATLAB calls/iter)...
iLQR init: cost = 3.768001e-01
iLQR iter 1/50: linearizing...
  cost = 3.697431e-01  alpha = 1.000  rel_change = 1.87e-02  lam = 1.00e-05
iLQR iter 2/50: linearizing...
  cost = 3.456500e-01  alpha = 0.250  rel_change = 6.52e-02  lam = 1.00e-06
iLQR iter 3/50: linearizing...
  cost = 3.259327e-01  alpha = 0.062  rel_change = 5.70e-02  lam = 1.00e-07
iLQR iter 4/50: linearizing...
  cost = 3.198038e-01  alpha = 0.250  rel_change = 1.88e-02  lam = 1.00e-08
iLQR iter 5/50: linearizing...
  cost = 3.115125e-01  alpha = 0.031  rel_change = 2.59e-02  lam = 1.00e-09
iLQR iter 6/50: linearizing...
  cost = 2.812264e-01  alpha = 0.250  rel_change = 9.72e-02  lam = 1.00e-10
iLQR iter 7/50: linearizing...
  Line search failed; increasing lam to 1.00e-09
iLQR iter 8/50: linearizing...
  cost = 2.749202e-01  alpha = 0.004  rel_change = 2.24e-02  lam = 1.00e-10
iLQR iter 9/50: linearizing...
  cost = 2.739124e-01  alpha = 0.002  rel_change = 3.67e-03  lam = 1.00e-11
iLQR iter 10/50: linearizing...
  cost = 2.722402e-01  alpha = 0.004  rel_change = 6.11e-03  lam = 1.00e-12
iLQR iter 11/50: linearizing...
  Line search failed; increasing lam to 1.00e-11
iLQR iter 12/50: linearizing...
  Line search failed; increasing lam to 1.00e-10
iLQR iter 13/50: linearizing...
  Line search failed; increasing lam to 1.00e-09
iLQR iter 14/50: linearizing...
  cost = 2.719311e-01  alpha = 0.002  rel_change = 1.14e-03  lam = 1.00e-10
iLQR iter 15/50: linearizing...
  Line search failed; increasing lam to 1.00e-09
iLQR iter 16/50: linearizing...
  Line search failed; increasing lam to 1.00e-08
iLQR iter 17/50: linearizing...
  cost = 2.695680e-01  alpha = 0.004  rel_change = 8.69e-03  lam = 1.00e-09
iLQR iter 18/50: linearizing...
  Line search failed; increasing lam to 1.00e-08
iLQR iter 19/50: linearizing...
  Line search failed; increasing lam to 1.00e-07
iLQR iter 20/50: linearizing...
  cost = 2.526699e-01  alpha = 0.062  rel_change = 6.27e-02  lam = 1.00e-08
iLQR iter 21/50: linearizing...
  cost = 2.333588e-01  alpha = 0.062  rel_change = 7.64e-02  lam = 1.00e-09
iLQR iter 22/50: linearizing...
  cost = 2.333574e-01  alpha = 0.002  rel_change = 6.02e-06  lam = 1.00e-10
iLQR converged in 22 iterations.
  iLQR RMSE vs Q_com: 0.1366 mL/min  (cost reduction 38.1%,  15 iterations)
  ✓ iLQR improved tracking.

==============================================================
  Trajectory 2 / 2  —  flowrate_pattern_03_averaged_smoothed
==============================================================
  Base file: dataset/LSTM_exp_samples/smoothed_samples/flowrate_pattern_03_averaged_smoothed.npz
  Ground truth: 'Q_exp'
  Raw dt = 0.00100 s  →  downsample ×10  →  dt = 0.00999 s
  N = 1800 samples  (17.98 s total)
  Q_com: [0.360, 0.360] mL/min
  W_com: [0.80, 2.10] mm

  iLQR horizon: 450 steps (4.50 s)

  Running windowed LSTM on full trajectory (1800 samples, 18.0 s)...
  Windowed LSTM RMSE vs Q_tru (full): 0.0568 mL/min

  Rolling out HybridDynamics (naive) for 450 steps...
  Step-mode RMSE vs Q_com (iLQR horizon): 0.0582 mL/min
  Windowed  RMSE vs Q_com (iLQR horizon): 0.0529 mL/min

==============================================================
  iLQR — flowrate_pattern_03_averaged_smoothed
==============================================================
  G = 1.00e+14,  G_f = 1.00e+14,  R = diag[0.001, 0.001]
  Q bounds: [0.00e+00, 1.00e-06] m³/s
  w bounds: [0.5, 5.0] mm
  max_iter = 50,  tol = 1e-05
  Starting iLQR solve  (450 steps, ~4500 MATLAB calls/iter)...
iLQR init: cost = 4.237814e-02
iLQR iter 1/50: linearizing...
  cost = 4.104470e-02  alpha = 1.000  rel_change = 3.15e-02  lam = 1.00e-05
iLQR iter 2/50: linearizing...
  cost = 3.531103e-02  alpha = 1.000  rel_change = 1.40e-01  lam = 1.00e-06
iLQR iter 3/50: linearizing...
  cost = 3.317659e-02  alpha = 0.062  rel_change = 6.04e-02  lam = 1.00e-07
iLQR iter 4/50: linearizing...
  cost = 3.148342e-02  alpha = 0.031  rel_change = 5.10e-02  lam = 1.00e-08
iLQR iter 5/50: linearizing...
  cost = 3.124390e-02  alpha = 0.004  rel_change = 7.61e-03  lam = 1.00e-09
iLQR iter 6/50: linearizing...
  cost = 3.075756e-02  alpha = 0.008  rel_change = 1.56e-02  lam = 1.00e-10
iLQR iter 7/50: linearizing...
  cost = 2.979722e-02  alpha = 0.016  rel_change = 3.12e-02  lam = 1.00e-11
iLQR iter 8/50: linearizing...
  cost = 2.956094e-02  alpha = 0.004  rel_change = 7.93e-03  lam = 1.00e-12
iLQR iter 9/50: linearizing...
  cost = 2.932302e-02  alpha = 0.004  rel_change = 8.05e-03  lam = 1.00e-12
iLQR iter 10/50: linearizing...
  cost = 2.908652e-02  alpha = 0.004  rel_change = 8.07e-03  lam = 1.00e-12
iLQR iter 11/50: linearizing...
  cost = 2.885582e-02  alpha = 0.004  rel_change = 7.93e-03  lam = 1.00e-12
iLQR iter 12/50: linearizing...
  cost = 2.862699e-02  alpha = 0.004  rel_change = 7.93e-03  lam = 1.00e-12
iLQR iter 13/50: linearizing...
  cost = 2.840116e-02  alpha = 0.004  rel_change = 7.89e-03  lam = 1.00e-12
iLQR iter 14/50: linearizing...
  cost = 2.795826e-02  alpha = 0.008  rel_change = 1.56e-02  lam = 1.00e-12
iLQR iter 15/50: linearizing...
  cost = 2.752734e-02  alpha = 0.008  rel_change = 1.54e-02  lam = 1.00e-12
iLQR iter 16/50: linearizing...
  cost = 2.666208e-02  alpha = 0.016  rel_change = 3.14e-02  lam = 1.00e-12
iLQR iter 17/50: linearizing...
  cost = 2.655914e-02  alpha = 0.002  rel_change = 3.86e-03  lam = 1.00e-12
iLQR iter 18/50: linearizing...
  cost = 2.645462e-02  alpha = 0.002  rel_change = 3.94e-03  lam = 1.00e-12
iLQR iter 19/50: linearizing...
  cost = 2.624636e-02  alpha = 0.004  rel_change = 7.87e-03  lam = 1.00e-12
iLQR iter 20/50: linearizing...
  cost = 2.583911e-02  alpha = 0.008  rel_change = 1.55e-02  lam = 1.00e-12
iLQR iter 21/50: linearizing...
  cost = 2.549274e-02  alpha = 0.008  rel_change = 1.34e-02  lam = 1.00e-12
iLQR iter 22/50: linearizing...
  cost = 2.510200e-02  alpha = 0.008  rel_change = 1.53e-02  lam = 1.00e-12
iLQR iter 23/50: linearizing...
  cost = 2.497987e-02  alpha = 0.004  rel_change = 4.87e-03  lam = 1.00e-12
iLQR iter 24/50: linearizing...
  Line search failed; increasing lam to 1.00e-11
iLQR iter 25/50: linearizing...
  cost = 2.484157e-02  alpha = 0.008  rel_change = 5.54e-03  lam = 1.00e-12
iLQR iter 26/50: linearizing...
  Line search failed; increasing lam to 1.00e-11
iLQR iter 27/50: linearizing...
  Line search failed; increasing lam to 1.00e-10
iLQR iter 28/50: linearizing...
  cost = 2.483670e-02  alpha = 0.002  rel_change = 1.96e-04  lam = 1.00e-11
iLQR iter 29/50: linearizing...
  cost = 2.474602e-02  alpha = 0.002  rel_change = 3.65e-03  lam = 1.00e-12
iLQR iter 30/50: linearizing...
  Line search failed; increasing lam to 1.00e-11
iLQR iter 31/50: linearizing...
  Line search failed; increasing lam to 1.00e-10
iLQR iter 32/50: linearizing...
  cost = 2.459178e-02  alpha = 0.004  rel_change = 6.23e-03  lam = 1.00e-11
iLQR iter 33/50: linearizing...
  cost = 2.420925e-02  alpha = 0.008  rel_change = 1.56e-02  lam = 1.00e-12
iLQR iter 34/50: linearizing...
  Line search failed; increasing lam to 1.00e-11
iLQR iter 35/50: linearizing...
  Line search failed; increasing lam to 1.00e-10
iLQR iter 36/50: linearizing...
  cost = 2.398469e-02  alpha = 0.004  rel_change = 9.28e-03  lam = 1.00e-11
iLQR iter 37/50: linearizing...
  cost = 2.387480e-02  alpha = 0.002  rel_change = 4.58e-03  lam = 1.00e-12
iLQR iter 38/50: linearizing...
  cost = 2.378258e-02  alpha = 0.002  rel_change = 3.86e-03  lam = 1.00e-12
iLQR iter 39/50: linearizing...
  cost = 2.367715e-02  alpha = 0.002  rel_change = 4.43e-03  lam = 1.00e-12
iLQR iter 40/50: linearizing...
  cost = 2.358144e-02  alpha = 0.002  rel_change = 4.04e-03  lam = 1.00e-12
iLQR iter 41/50: linearizing...
  Line search failed; increasing lam to 1.00e-11
iLQR iter 42/50: linearizing...
  cost = 2.350782e-02  alpha = 0.002  rel_change = 3.12e-03  lam = 1.00e-12
iLQR iter 43/50: linearizing...
  cost = 2.341874e-02  alpha = 0.002  rel_change = 3.79e-03  lam = 1.00e-12
iLQR iter 44/50: linearizing...
  cost = 2.332508e-02  alpha = 0.002  rel_change = 4.00e-03  lam = 1.00e-12
iLQR iter 45/50: linearizing...
  Line search failed; increasing lam to 1.00e-11
iLQR iter 46/50: linearizing...
  cost = 2.294150e-02  alpha = 0.008  rel_change = 1.64e-02  lam = 1.00e-12
iLQR iter 47/50: linearizing...
  cost = 2.283366e-02  alpha = 0.002  rel_change = 4.70e-03  lam = 1.00e-12
iLQR iter 48/50: linearizing...
  cost = 2.265359e-02  alpha = 0.004  rel_change = 7.89e-03  lam = 1.00e-12
iLQR iter 49/50: linearizing...
  Line search failed; increasing lam to 1.00e-11
iLQR iter 50/50: linearizing...
  Line search failed; increasing lam to 1.00e-10
iLQR: reached max_iter without convergence.
  iLQR RMSE vs Q_com: 0.0426 mL/min  (cost reduction 46.5%,  40 iterations)
  ✓ iLQR improved tracking.
MatlabBridge: engine quit.

===========================================================================
  SUMMARY — RMSE vs Q_com tracking target  [mL/min]
===========================================================================
  Parent                                                Windowed       Naive        iLQR
  -------------------------------------------------------------------------
  corner_60100_1000                                       0.1411      0.1736      0.1366
  flowrate_pattern_03_averaged_smoothed                   0.0529      0.0582      0.0426
===========================================================================

  Done.
